3256
3255
3195
3194
3136
3136
3066
3062
2975
2972
2891
2890
2805
2806
2748
2748
2670
2670
2590
2590
2502
2502
2441
2440
2372
2372
2305
2305
2249
2249
2189
2188
2140
2140
2081
2081
2016
2016
1935
1934
1852
1852
1759
1759
1667
1667
1573
1573
1484
1484
1411
1411
1332
1332
1260
1260
1197
1197
1148
1148
1092
1092
1051
1051
983
983
909
908
836
836
767
766
692
692
628
628
554
555
484
484
427
427
368
368
322
320
261
259
206
205
145
144
71
71
75
74
62
60
60
58
59
61
60
61
59
58
59
59
62
60
62
61
94
90
89
91
89
89
85
91
90
89
91
89
88
88
93
92
87
86
90
88
89
86
91
87
89
89
81
92
87
85
90
83
87
90
88
94
85
87
89
86
85
86
83
96
84
99
86
90
88
87
83
83
83
88
93
87
86
89
86
90
85
86
88
86
79
89
87
88
88
91
90
90
90
89
89
87
86
87
60
68
62
65
66
65
1764
1761
1718
1714
1671
1667
1618
1612
1567
1562
1498
1494
1449
1445
1400
1392
1350
1345
1303
1299
1256
1253
1212
1208
1163
1159
1113
1109
1068
1064
1019
1016
972
968
917
913
873
870
823
820
778
775
731
727
684
680
639
634
591
587
544
541
497
493
451
447
404
399
355
351
308
304
264
260
200
196
152
149
104
101
66
64
60
61
61
58
67
84
76
77
81
76
77
77
77
80
80
75
77
79
72
79
79
79
78
78
84
80
78
79
69
77
80
79
83
78
79
82
87
82
71
81
77
72
71
67
79
76
92
86
81
80
81
78
79
79
80
80
79
84
81
76
91
89
90
92
83
95
88
83
84
90
88
84
75
71
60
64
3429
3429
