3227
3168
3108
3025
2946
2853
2780
2712
2633
2547
2479
2401
2346
2276
2226
2168
2111
2051
1982
1899
1806
1714
1621
1531
1441
1376
1300
1240
1183
1135
1078
1026
953
880
806
738
664
598
525
463
405
356
302
247
185
116
62
62
74
65
64
61
62
60
61
59
88
90
85
88
96
90
90
89
87
89
91
89
90
82
90
85
88
87
88
93
88
86
83
94
91
89
89
89
89
85
87
88
90
90
86
86
88
89
95
62
75
62
1746
1697
1648
1595
1534
1477
1426
1374
1326
1284
1241
1193
1141
1093
1049
1000
953
895
849
802
756
708
662
614
567
521
475
428
380
331
286
244
176
129
85
61
63
62
72
76
78
80
77
77
80
68
78
87
74
82
80
72
82
79
77
72
86
84
79
80
80
77
78
78
77
84
98
92
83
89
88
93
71
60
