3360
3360
3360
3360
3360
3360
3360
3360
3360
3360
3361
3361
3361
3361
3361
3361
3361
3361
3361
3361
3361
3361
3361
3361
3361
3361
3361
3361
3361
3361
3361
3361
3361
3361
3361
3361
3361
3361
3361
3361
3361
3361
3362
3362
3362
3362
3362
3357
3336
3261
3166
3113
3046
2988
2928
2833
2789
2743
2690
2644
2572
2482
2410
2344
2290
2235
2185
2120
2071
2005
1940
1874
1798
1760
1685
1622
1563
1499
1427
1369
1292
1228
1156
1066
1002
924
849
758
669
588
508
416
323
244
156
110
49
0
1587
1587
1588
1589
1599
1599
1601
1606
1607
1607
1607
1608
1609
1609
1609
1609
1609
1609
1609
1609
1609
1609
1609
1609
1609
1609
1609
1609
1609
1609
1609
1609
1610
1610
1610
1599
1560
1517
1456
1417
1364
1319
1280
1238
1199
1146
1108
1056
1022
983
931
890
840
808
762
704
666
623
585
533
489
448
411
362
330
258
221
180
134
92
78
33
11
3321
