3360
3360
3360
3360
3360
3360
3360
3360
3360
3360
3360
3360
3360
3360
3360
3360
3360
3360
3360
3360
3360
3360
3361
3361
3361
3361
3361
3361
3361
3361
3361
3361
3361
3361
3361
3361
3361
3361
3361
3361
3361
3361
3361
3361
3361
3361
3361
3361
3361
3361
3361
3361
3361
3361
3361
3361
3361
3361
3361
3361
3361
3361
3361
3361
3361
3361
3361
3361
3361
3361
3361
3361
3361
3361
3361
3361
3361
3361
3361
3361
3361
3361
3361
3361
3362
3362
3362
3362
3362
3362
3362
3362
3362
3362
3358
3358
3356
3356
3285
3285
3191
3191
3130
3130
3065
3064
3001
3001
2950
2948
2887
2882
2804
2804
2761
2754
2712
2707
2653
2649
2592
2592
2496
2496
2413
2413
2359
2355
2300
2299
2251
2248
2196
2194
2136
2131
2078
2076
2025
2025
1954
1954
1897
1887
1822
1812
1774
1773
1699
1699
1622
1622
1572
1567
1508
1508
1445
1445
1386
1369
1301
1292
1242
1237
1175
1170
1089
1079
1018
1009
938
933
868
858
779
772
696
683
607
599
519
517
430
430
350
341
259
253
179
161
125
119
63
49
0
0
1587
1587
1587
1587
1588
1588
1589
1589
1590
1590
1599
1599
1601
1601
1605
1605
1607
1607
1607
1607
1607
1607
1607
1607
1609
1609
1609
1609
1609
1609
1609
1609
1609
1609
1609
1609
1609
1609
1609
1609
1609
1609
1609
1609
1609
1609
1609
1609
1609
1609
1609
1609
1609
1609
1609
1609
1609
1609
1609
1609
1609
1609
1609
1609
1610
1610
1610
1610
1610
1610
1610
1608
1581
1572
1536
1532
1473
1473
1427
1427
1391
1382
1342
1342
1305
1305
1255
1256
1213
1208
1168
1161
1126
1125
1084
1077
1036
1025
989
988
954
945
909
900
866
857
817
817
770
770
730
723
685
685
658
641
594
594
548
548
508
505
476
462
430
429
383
383
340
340
301
291
245
240
197
197
152
152
111
106
81
81
47
47
33
33
0
0
3311
3311
